Performing C SOURCE FILE Test CMAKE_HAVE_LIBC_PTHREAD failed with the following output:
Change Dir: /home/iwl1wx/bosch/ModSar/fast-dds-iceoryx-allin/apps/build_linux/CMakeFiles/CMakeTmp

Run Build Command(s):/usr/bin/make cmTC_51a1f/fast && make[1]: 进入目录“/home/iwl1wx/bosch/ModSar/fast-dds-iceoryx-allin/apps/build_linux/CMakeFiles/CMakeTmp”
/usr/bin/make -f CMakeFiles/cmTC_51a1f.dir/build.make CMakeFiles/cmTC_51a1f.dir/build
make[2]: 进入目录“/home/iwl1wx/bosch/ModSar/fast-dds-iceoryx-allin/apps/build_linux/CMakeFiles/CMakeTmp”
Building C object CMakeFiles/cmTC_51a1f.dir/src.c.o
/usr/bin/cc   -DCMAKE_HAVE_LIBC_PTHREAD   -o CMakeFiles/cmTC_51a1f.dir/src.c.o   -c /home/iwl1wx/bosch/ModSar/fast-dds-iceoryx-allin/apps/build_linux/CMakeFiles/CMakeTmp/src.c
Linking C executable cmTC_51a1f
/usr/bin/cmake -E cmake_link_script CMakeFiles/cmTC_51a1f.dir/link.txt --verbose=1
/usr/bin/cc  -DCMAKE_HAVE_LIBC_PTHREAD    -rdynamic CMakeFiles/cmTC_51a1f.dir/src.c.o  -o cmTC_51a1f 
/usr/bin/ld: CMakeFiles/cmTC_51a1f.dir/src.c.o: in function `main':
src.c:(.text+0x46): undefined reference to `pthread_create'
/usr/bin/ld: src.c:(.text+0x52): undefined reference to `pthread_detach'
/usr/bin/ld: src.c:(.text+0x63): undefined reference to `pthread_join'
collect2: error: ld returned 1 exit status
make[2]: *** [CMakeFiles/cmTC_51a1f.dir/build.make:87：cmTC_51a1f] 错误 1
make[2]: 离开目录“/home/iwl1wx/bosch/ModSar/fast-dds-iceoryx-allin/apps/build_linux/CMakeFiles/CMakeTmp”
make[1]: *** [Makefile:121：cmTC_51a1f/fast] 错误 2
make[1]: 离开目录“/home/iwl1wx/bosch/ModSar/fast-dds-iceoryx-allin/apps/build_linux/CMakeFiles/CMakeTmp”


Source file was:
#include <pthread.h>

void* test_func(void* data)
{
  return data;
}

int main(void)
{
  pthread_t thread;
  pthread_create(&thread, NULL, test_func, NULL);
  pthread_detach(thread);
  pthread_join(thread, NULL);
  pthread_atfork(NULL, NULL, NULL);
  pthread_exit(NULL);

  return 0;
}

Determining if the function pthread_create exists in the pthreads failed with the following output:
Change Dir: /home/iwl1wx/bosch/ModSar/fast-dds-iceoryx-allin/apps/build_linux/CMakeFiles/CMakeTmp

Run Build Command(s):/usr/bin/make cmTC_179ac/fast && make[1]: 进入目录“/home/iwl1wx/bosch/ModSar/fast-dds-iceoryx-allin/apps/build_linux/CMakeFiles/CMakeTmp”
/usr/bin/make -f CMakeFiles/cmTC_179ac.dir/build.make CMakeFiles/cmTC_179ac.dir/build
make[2]: 进入目录“/home/iwl1wx/bosch/ModSar/fast-dds-iceoryx-allin/apps/build_linux/CMakeFiles/CMakeTmp”
Building C object CMakeFiles/cmTC_179ac.dir/CheckFunctionExists.c.o
/usr/bin/cc   -DCHECK_FUNCTION_EXISTS=pthread_create   -o CMakeFiles/cmTC_179ac.dir/CheckFunctionExists.c.o   -c /usr/share/cmake-3.16/Modules/CheckFunctionExists.c
Linking C executable cmTC_179ac
/usr/bin/cmake -E cmake_link_script CMakeFiles/cmTC_179ac.dir/link.txt --verbose=1
/usr/bin/cc  -DCHECK_FUNCTION_EXISTS=pthread_create    -rdynamic CMakeFiles/cmTC_179ac.dir/CheckFunctionExists.c.o  -o cmTC_179ac  -lpthreads 
/usr/bin/ld: 找不到 -lpthreads
collect2: error: ld returned 1 exit status
make[2]: *** [CMakeFiles/cmTC_179ac.dir/build.make:87：cmTC_179ac] 错误 1
make[2]: 离开目录“/home/iwl1wx/bosch/ModSar/fast-dds-iceoryx-allin/apps/build_linux/CMakeFiles/CMakeTmp”
make[1]: *** [Makefile:121：cmTC_179ac/fast] 错误 2
make[1]: 离开目录“/home/iwl1wx/bosch/ModSar/fast-dds-iceoryx-allin/apps/build_linux/CMakeFiles/CMakeTmp”



